<?xml version="1.0" encoding="UTF-8"?>
<testsuite name="StudentTest" tests="1" skipped="0" failures="0" errors="0" timestamp="2022-04-25T12:13:18" hostname="LAPTOP-G9J2RAVN" time="0.022">
  <properties/>
  <testcase name="testGetStudentArry()" classname="StudentTest" time="0.022"/>
  <system-out><![CDATA[]]></system-out>
  <system-err><![CDATA[]]></system-err>
</testsuite>
